[    0.000000] Initializing cgroup subsys cpuset
[    0.000000] Initializing cgroup subsys cpu
[    0.000000] Initializing cgroup subsys cpuacct
[    0.000000] Linux version 4.4.0-210-generic (buildd@lgw01-amd64-009) (gcc version 5.4.0 20160609 (Ubuntu 5.4.0-6ubuntu1~16.04.12) ) #242-Ubuntu SMP Fri Apr 16 09:57:56 UTC 2021 (Ubuntu 4.4.0-210.242-generic 4.4.262)
[    0.000000] Command line: BOOT_IMAGE=/boot/vmlinuz-4.4.0-210-generic root=LABEL=cloudimg-rootfs ro console=tty1 console=ttyS0
[    0.000000] KERNEL supported cpus:
[    0.000000]   Intel GenuineIntel
[    0.000000]   AMD AuthenticAMD
[    0.000000]   Centaur CentaurHauls
[    0.000000] [Firmware Bug]: TSC doesn't count with P0 frequency!
[    0.000000] x86/fpu: Legacy x87 FPU detected.
[    0.000000] e820: BIOS-provided physical RAM map:
[    0.000000] BIOS-e820: [mem 0x0000000000000000-0x000000000009fbff] usable
[    0.000000] BIOS-e820: [mem 0x000000000009fc00-0x000000000009ffff] reserved
[    0.000000] BIOS-e820: [mem 0x00000000000f0000-0x00000000000fffff] reserved
[    0.000000] BIOS-e820: [mem 0x0000000000100000-0x000000003ffeffff] usable
[    0.000000] BIOS-e820: [mem 0x000000003fff0000-0x000000003fffffff] ACPI data
[    0.000000] BIOS-e820: [mem 0x00000000fec00000-0x00000000fec00fff] reserved
[    0.000000] BIOS-e820: [mem 0x00000000fee00000-0x00000000fee00fff] reserved
[    0.000000] BIOS-e820: [mem 0x00000000fffc0000-0x00000000ffffffff] reserved
[    0.000000] NX (Execute Disable) protection: active
[    0.000000] SMBIOS 2.5 present.
[    0.000000] Hypervisor detected: KVM
[    0.000000] Kernel/User page tables isolation: disabled
[    0.000000] e820: last_pfn = 0x3fff0 max_arch_pfn = 0x400000000
[    0.000000] MTRR: Disabled
[    0.000000] x86/PAT: MTRRs disabled, skipping PAT initialization too.
[    0.000000] CPU MTRRs all blank - virtualized system.
[    0.000000] x86/PAT: Configuration [0-7]: WB  WT  UC- UC  WB  WT  UC- UC  
[    0.000000] found SMP MP-table at [mem 0x0009fff0-0x0009ffff] mapped at [ffff88000009fff0]
[    0.000000] Scanning 1 areas for low memory corruption
[    0.000000] RAMDISK: [mem 0x362dc000-0x37165fff]
[    0.000000] ACPI: Early table checksum verification disabled
[    0.000000] ACPI: RSDP 0x00000000000E0000 000024 (v02 VBOX  )
[    0.000000] ACPI: XSDT 0x000000003FFF0030 00003C (v01 VBOX   VBOXXSDT 00000001 ASL  00000061)
[    0.000000] ACPI: FACP 0x000000003FFF00F0 0000F4 (v04 VBOX   VBOXFACP 00000001 ASL  00000061)
[    0.000000] ACPI: DSDT 0x000000003FFF0610 002353 (v02 VBOX   VBOXBIOS 00000002 INTL 20100528)
[    0.000000] ACPI: FACS 0x000000003FFF0200 000040
[    0.000000] ACPI: FACS 0x000000003FFF0200 000040
[    0.000000] ACPI: APIC 0x000000003FFF0240 00005C (v02 VBOX   VBOXAPIC 00000001 ASL  00000061)
[    0.000000] ACPI: SSDT 0x000000003FFF02A0 00036C (v01 VBOX   VBOXCPUT 00000002 INTL 20100528)
[    0.000000] No NUMA configuration found
[    0.000000] Faking a node at [mem 0x0000000000000000-0x000000003ffeffff]
[    0.000000] NODE_DATA(0) allocated [mem 0x3ffeb000-0x3ffeffff]
[    0.000000] kvm-clock: Using msrs 4b564d01 and 4b564d00
[    0.000000] kvm-clock: cpu 0, msr 0:3ffe3001, primary cpu clock
[    0.000000] kvm-clock: using sched offset of 3504775931 cycles
[    0.000000] clocksource: kvm-clock: mask: 0xffffffffffffffff max_cycles: 0x1cd42e4dffb, max_idle_ns: 881590591483 ns
[    0.000000] Zone ranges:
[    0.000000]   DMA      [mem 0x0000000000001000-0x0000000000ffffff]
[    0.000000]   DMA32    [mem 0x0000000001000000-0x000000003ffeffff]
[    0.000000]   Normal   empty
[    0.000000]   Device   empty
[    0.000000] Movable zone start for each node
[    0.000000] Early memory node ranges
[    0.000000]   node   0: [mem 0x0000000000001000-0x000000000009efff]
[    0.000000]   node   0: [mem 0x0000000000100000-0x000000003ffeffff]
[    0.000000] Initmem setup node 0 [mem 0x0000000000001000-0x000000003ffeffff]
[    0.000000] ACPI: PM-Timer IO Port: 0x4008
[    0.000000] IOAPIC[0]: apic_id 2, version 32, address 0xfec00000, GSI 0-23
[    0.000000] ACPI: INT_SRC_OVR (bus 0 bus_irq 0 global_irq 2 dfl dfl)
[    0.000000] ACPI: INT_SRC_OVR (bus 0 bus_irq 9 global_irq 9 low level)
[    0.000000] Using ACPI (MADT) for SMP configuration information
[    0.000000] smpboot: Allowing 2 CPUs, 0 hotplug CPUs
[    0.000000] PM: Registered nosave memory: [mem 0x00000000-0x00000fff]
[    0.000000] PM: Registered nosave memory: [mem 0x0009f000-0x0009ffff]
[    0.000000] PM: Registered nosave memory: [mem 0x000a0000-0x000effff]
[    0.000000] PM: Registered nosave memory: [mem 0x000f0000-0x000fffff]
[    0.000000] e820: [mem 0x40000000-0xfebfffff] available for PCI devices
[    0.000000] Booting paravirtualized kernel on KVM
[    0.000000] clocksource: refined-jiffies: mask: 0xffffffff max_cycles: 0xffffffff, max_idle_ns: 7645519600211568 ns
[    0.000000] setup_percpu: NR_CPUS:512 nr_cpumask_bits:512 nr_cpu_ids:2 nr_node_ids:1
[    0.000000] PERCPU: Embedded 33 pages/cpu @ffff88003fc00000 s95192 r8192 d31784 u1048576
[    0.000000] Built 1 zonelists in Node order, mobility grouping on.  Total pages: 257912
[    0.000000] Policy zone: DMA32
[    0.000000] Kernel command line: BOOT_IMAGE=/boot/vmlinuz-4.4.0-210-generic root=LABEL=cloudimg-rootfs ro console=tty1 console=ttyS0
[    0.000000] PID hash table entries: 4096 (order: 3, 32768 bytes)
[    0.000000] Memory: 997792K/1048120K available (8644K kernel code, 1332K rwdata, 4044K rodata, 1492K init, 1164K bss, 50328K reserved, 0K cma-reserved)
[    0.000000] SLUB: HWalign=64, Order=0-3, MinObjects=0, CPUs=2, Nodes=1
[    0.000000] Hierarchical RCU implementation.
[    0.000000] 	Build-time adjustment of leaf fanout to 64.
[    0.000000] 	RCU restricting CPUs from NR_CPUS=512 to nr_cpu_ids=2.
[    0.000000] RCU: Adjusting geometry for rcu_fanout_leaf=64, nr_cpu_ids=2
[    0.000000] NR_IRQS:33024 nr_irqs:440 16
[    0.000000] Console: colour VGA+ 80x25
[    0.000000] console [tty1] enabled
[    0.000000] console [ttyS0] enabled
[    0.000000] tsc: Detected 2894.464 MHz processor
[    0.513349] Calibrating delay loop (skipped) preset value.. 5788.92 BogoMIPS (lpj=11577856)
[    0.521052] pid_max: default: 32768 minimum: 301
[    0.524742] ACPI: Core revision 20150930
[    0.528952] ACPI: 2 ACPI AML tables successfully acquired and loaded
[    0.534777] Security Framework initialized
[    0.538329] Yama: becoming mindful.
[    0.541372] AppArmor: AppArmor initialized
[    0.545702] Dentry cache hash table entries: 131072 (order: 8, 1048576 bytes)
[    0.556461] Inode-cache hash table entries: 65536 (order: 7, 524288 bytes)
[    0.568649] Mount-cache hash table entries: 2048 (order: 2, 16384 bytes)
[    0.574199] Mountpoint-cache hash table entries: 2048 (order: 2, 16384 bytes)
[    0.584349] Initializing cgroup subsys io
[    0.588222] Initializing cgroup subsys memory
[    0.593171] Initializing cgroup subsys devices
[    0.597158] Initializing cgroup subsys freezer
[    0.602499] Initializing cgroup subsys net_cls
[    0.608158] Initializing cgroup subsys perf_event
[    0.612652] Initializing cgroup subsys net_prio
[    0.616729] Initializing cgroup subsys hugetlb
[    0.621981] Initializing cgroup subsys pids
[    0.633684] mce: CPU supports 0 MCE banks
[    0.639541] Last level iTLB entries: 4KB 1024, 2MB 1024, 4MB 512
[    0.645478] Last level dTLB entries: 4KB 2048, 2MB 2048, 4MB 1024, 1GB 0
[    0.654147] Spectre V1 : Mitigation: usercopy/swapgs barriers and __user pointer sanitization
[    0.661685] Spectre V2 : Spectre mitigation: LFENCE not serializing, switching to generic retpoline
[    0.668830] Spectre V2 : Mitigation: Full generic retpoline
[    0.676043] Spectre V2 : Spectre v2 / SpectreRSB mitigation: Filling RSB on context switch
[    0.719925] Freeing SMP alternatives memory: 36K
[    0.800896] ftrace: allocating 32380 entries in 127 pages
[    1.357763] smpboot: APIC(0) Converting physical 0 to logical package 0
[    1.363895] smpboot: Max logical packages: 1
[    1.381410] ..TIMER: vector=0x30 apic1=0 pin1=2 apic2=-1 pin2=-1
[    1.495876] smpboot: CPU0: AMD Ryzen 7 4800H with Radeon Graphics (family: 0x17, model: 0x60, stepping: 0x1)
[    1.506512] Performance Events: Broken PMU hardware detected, using software events only.
[    1.513548] Failed to access perfctr msr (MSR c0010007 is 0)
[    1.600104] KVM setup paravirtual spinlock
[    1.606577] x86: Booting SMP configuration:
[    1.610217] .... node  #0, CPUs:      #1
[    1.615088] kvm-clock: cpu 1, msr 0:3ffe3041, secondary cpu clock
[    1.626633] mce: CPU supports 0 MCE banks
[    1.630534] TSC synchronization [CPU#0 -> CPU#1]:
[    1.634461] Measured 179393 cycles TSC warp between CPUs, turning off TSC clock.
[    1.640575] tsc: Marking TSC unstable due to check_tsc_sync_source failed
[    0.510071] x86: Booted up 1 node, 2 CPUs
[    0.512029] smpboot: Total of 2 processors activated (11577.85 BogoMIPS)
[    0.521055] devtmpfs: initialized
[    0.530032] evm: security.selinux
[    0.536019] evm: security.SMACK64
[    0.544025] evm: security.SMACK64EXEC
[    0.548024] evm: security.SMACK64TRANSMUTE
[    0.556015] evm: security.SMACK64MMAP
[    0.560019] evm: security.ima
[    0.564006] evm: security.capability
[    0.568498] clocksource: jiffies: mask: 0xffffffff max_cycles: 0xffffffff, max_idle_ns: 7645041785100000 ns
[    0.580064] futex hash table entries: 512 (order: 3, 32768 bytes)
[    0.588354] pinctrl core: initialized pinctrl subsystem
[    0.596215] RTC time: 14:21:33, date: 03/27/23
[    0.601211] NET: Registered protocol family 16
[    0.616024] cpuidle: using governor ladder
[    0.628023] cpuidle: using governor menu
[    0.632035] PCCT header not found.
[    0.638847] ACPI: bus type PCI registered
[    0.640025] acpiphp: ACPI Hot Plug PCI Controller Driver version: 0.5
[    0.648524] PCI: Using configuration type 1 for base access
[    0.652009] PCI: Using configuration type 1 for extended access
[    0.672533] ACPI: Added _OSI(Module Device)
[    0.676036] ACPI: Added _OSI(Processor Device)
[    0.684022] ACPI: Added _OSI(3.0 _SCP Extensions)
[    0.688020] ACPI: Added _OSI(Processor Aggregator Device)
[    0.693126] ACPI: Executed 1 blocks of module-level executable AML code
[    0.705485] ACPI: Interpreter enabled
[    0.708035] ACPI: (supports S0 S5)
[    0.712005] ACPI: Using IOAPIC for interrupt routing
[    0.716446] PCI: Using host bridge windows from ACPI; if necessary, use "pci=nocrs" and report a bug
[    0.733756] ACPI: PCI Root Bridge [PCI0] (domain 0000 [bus 00-ff])
[    0.740035] acpi PNP0A03:00: _OSC: OS supports [ExtendedConfig ASPM ClockPM Segments MSI]
[    0.744700] acpi PNP0A03:00: _OSC: platform does not support [PCIeCapability]
[    0.752646] acpi PNP0A03:00: _OSC: not requesting control; platform does not support [PCIeCapability]
[    0.760024] acpi PNP0A03:00: _OSC: OS requested [PCIeHotplug PME AER PCIeCapability]
[    0.768018] acpi PNP0A03:00: _OSC: platform willing to grant [PCIeHotplug PME AER]
[    0.776008] acpi PNP0A03:00: _OSC failed (AE_SUPPORT); disabling ASPM
[    0.780747] PCI host bridge to bus 0000:00
[    0.784026] pci_bus 0000:00: root bus resource [io  0x0000-0x0cf7 window]
[    0.792031] pci_bus 0000:00: root bus resource [io  0x0d00-0xffff window]
[    0.800040] pci_bus 0000:00: root bus resource [mem 0x000a0000-0x000bffff window]
[    0.808025] pci_bus 0000:00: root bus resource [mem 0x40000000-0xfdffffff window]
[    0.816022] pci_bus 0000:00: root bus resource [bus 00-ff]
[    0.846991] pci 0000:00:01.1: legacy IDE quirk: reg 0x10: [io  0x01f0-0x01f7]
[    0.852030] pci 0000:00:01.1: legacy IDE quirk: reg 0x14: [io  0x03f6]
[    0.860009] pci 0000:00:01.1: legacy IDE quirk: reg 0x18: [io  0x0170-0x0177]
[    0.864023] pci 0000:00:01.1: legacy IDE quirk: reg 0x1c: [io  0x0376]
[    0.891553] pci 0000:00:07.0: quirk: [io  0x4000-0x403f] claimed by PIIX4 ACPI
[    0.896076] pci 0000:00:07.0: quirk: [io  0x4100-0x410f] claimed by PIIX4 SMB
[    0.930658] ACPI: PCI Interrupt Link [LNKA] (IRQs 5 9 10 *11)
[    0.940223] ACPI: PCI Interrupt Link [LNKB] (IRQs 5 9 *10 11)
[    0.949719] ACPI: PCI Interrupt Link [LNKC] (IRQs 5 *9 10 11)
[    0.960255] ACPI: PCI Interrupt Link [LNKD] (IRQs 5 9 10 *11)
[    0.969853] ACPI: Enabled 2 GPEs in block 00 to 07
[    0.976364] vgaarb: setting as boot device: PCI:0000:00:02.0
[    0.980000] vgaarb: device added: PCI:0000:00:02.0,decodes=io+mem,owns=io+mem,locks=none
[    0.988016] vgaarb: loaded
[    0.992009] vgaarb: bridge control possible 0000:00:02.0
[    0.996438] SCSI subsystem initialized
[    1.000322] ACPI: bus type USB registered
[    1.004091] usbcore: registered new interface driver usbfs
[    1.012045] usbcore: registered new interface driver hub
[    1.016087] usbcore: registered new device driver usb
[    1.024283] PCI: Using ACPI for IRQ routing
[    1.029594] NetLabel: Initializing
[    1.032018] NetLabel:  domain hash size = 128
[    1.036023] NetLabel:  protocols = UNLABELED CIPSOv4
[    1.044035] NetLabel:  unlabeled traffic allowed by default
[    1.048254] amd_nb: Cannot enumerate AMD northbridges
[    1.052366] clocksource: Switched to clocksource kvm-clock
[    1.086104] AppArmor: AppArmor Filesystem Enabled
[    1.092209] pnp: PnP ACPI init
[    1.097824] pnp: PnP ACPI: found 3 devices
[    1.140834] clocksource: acpi_pm: mask: 0xffffff max_cycles: 0xffffff, max_idle_ns: 2085701024 ns
[    1.148965] NET: Registered protocol family 2
[    1.155012] TCP established hash table entries: 8192 (order: 4, 65536 bytes)
[    1.162159] TCP bind hash table entries: 8192 (order: 5, 131072 bytes)
[    1.168439] TCP: Hash tables configured (established 8192 bind 8192)
[    1.174510] UDP hash table entries: 512 (order: 2, 16384 bytes)
[    1.180555] UDP-Lite hash table entries: 512 (order: 2, 16384 bytes)
[    1.186517] NET: Registered protocol family 1
[    1.190935] pci 0000:00:00.0: Limiting direct PCI/PCI transfers
[    1.196268] pci 0000:00:01.0: Activating ISA DMA hang workarounds
[    1.202461] Unpacking initramfs...
[    1.420443] Freeing initrd memory: 14888K
[    1.582536] clocksource: tsc: mask: 0xffffffffffffffff max_cycles: 0x29b8d54bd62, max_idle_ns: 440795251392 ns
[    1.597488] platform rtc_cmos: registered platform RTC device (no PNP device found)
[    1.604302] Scanning for low memory corruption every 60 seconds
[    1.612845] audit: initializing netlink subsys (disabled)
[    1.618569] audit: type=2000 audit(1679926898.315:1): initialized
[    1.625080] Initialise system trusted keyring
[    1.630506] HugeTLB registered 2 MB page size, pre-allocated 0 pages
[    1.638634] zbud: loaded
[    1.642463] VFS: Disk quotas dquot_6.6.0
[    1.646610] VFS: Dquot-cache hash table entries: 512 (order 0, 4096 bytes)
[    1.653369] squashfs: version 4.0 (2009/01/31) Phillip Lougher
[    1.660755] fuse init (API version 7.23)
[    1.665360] Key type big_key registered
[    1.668967] Allocating IMA MOK and blacklist keyrings.
[    1.690571] Key type asymmetric registered
[    1.694352] Asymmetric key parser 'x509' registered
[    1.698974] Block layer SCSI generic (bsg) driver version 0.4 loaded (major 249)
[    1.707265] io scheduler noop registered
[    1.710676] io scheduler deadline registered (default)
[    1.714953] io scheduler cfq registered
[    1.718381] pci_hotplug: PCI Hot Plug PCI Core version: 0.5
[    1.723080] pciehp: PCI Express Hot Plug Controller Driver version: 0.4
[    1.728886] ACPI: AC Adapter [AC] (on-line)
[    1.732258] input: Power Button as /devices/LNXSYSTM:00/LNXPWRBN:00/input/input0
[    1.741814] ACPI: Power Button [PWRF]
[    1.745415] input: Sleep Button as /devices/LNXSYSTM:00/LNXSLPBN:00/input/input1
[    1.751771] ACPI: Sleep Button [SLPF]
[    1.757677] ACPI: Battery Slot [BAT0] (battery present)
[    1.763579] GHES: HEST is not enabled!
[    1.768535] Serial: 8250/16550 driver, 32 ports, IRQ sharing enabled
[    1.804402] 00:02: ttyS0 at I/O 0x3f8 (irq = 4, base_baud = 115200) is a 16550A
[    1.829095] Linux agpgart interface v0.103
[    1.849163] loop: module loaded
[    1.855235] scsi host0: ata_piix
[    1.860724] scsi host1: ata_piix
[    1.863465] ata1: PATA max UDMA/33 cmd 0x1f0 ctl 0x3f6 bmdma 0xd000 irq 14
[    1.869035] ata2: PATA max UDMA/33 cmd 0x170 ctl 0x376 bmdma 0xd008 irq 15
[    1.875892] libphy: Fixed MDIO Bus: probed
[    1.879557] tun: Universal TUN/TAP device driver, 1.6
[    1.883459] tun: (C) 1999-2004 Max Krasnyansky <maxk@qualcomm.com>
[    1.889564] PPP generic driver version 2.4.2
[    1.894188] ehci_hcd: USB 2.0 'Enhanced' Host Controller (EHCI) Driver
[    1.899723] ehci-pci: EHCI PCI platform driver
[    1.903622] ehci-platform: EHCI generic platform driver
[    1.908755] ohci_hcd: USB 1.1 'Open' Host Controller (OHCI) Driver
[    1.913467] ohci-pci: OHCI PCI platform driver
[    1.918021] ohci-platform: OHCI generic platform driver
[    1.922653] uhci_hcd: USB Universal Host Controller Interface driver
[    1.928518] i8042: PNP: PS/2 Controller [PNP0303:PS2K,PNP0f03:PS2M] at 0x60,0x64 irq 1,12
[    1.939012] serio: i8042 KBD port at 0x60,0x64 irq 1
[    1.943299] serio: i8042 AUX port at 0x60,0x64 irq 12
[    1.949454] mousedev: PS/2 mouse device common for all mice
[    1.958208] rtc_cmos rtc_cmos: rtc core: registered rtc_cmos as rtc0
[    1.958196] input: AT Translated Set 2 keyboard as /devices/platform/i8042/serio0/input/input2
[    1.972814] rtc_cmos rtc_cmos: alarms up to one day, 114 bytes nvram
[    1.978875] i2c /dev entries driver
[    1.982833] device-mapper: uevent: version 1.0.3
[    1.987725] device-mapper: ioctl: 4.34.0-ioctl (2015-10-28) initialised: dm-devel@redhat.com
[    1.994911] ledtrig-cpu: registered to indicate activity on CPUs
[    2.002775] NET: Registered protocol family 10
[    2.007618] NET: Registered protocol family 17
[    2.011512] Key type dns_resolver registered
[    2.018165] registered taskstats version 1
[    2.021884] Loading compiled-in X.509 certificates
[    2.026452] Loaded X.509 cert 'Build time autogenerated kernel key: cf00e047681d67edb2720680708b7d9498083038'
[    2.056251] zswap: loaded using pool lzo/zbud
[    2.062582] Key type trusted registered
[    2.070872] Key type encrypted registered
[    2.074625] AppArmor: AppArmor sha1 policy hashing enabled
[    2.079210] ima: No TPM chip found, activating TPM-bypass!
[    2.083921] ima: Allocated hash algorithm: sha1
[    2.088144] evm: HMAC attrs: 0x1
[    2.094108]   Magic number: 15:318:385
[    2.098048] thermal cooling_device0: hash matches
[    2.102576] rtc_cmos rtc_cmos: setting system clock to 2023-03-27 14:21:34 UTC (1679926894)
[    2.110978] BIOS EDD facility v0.16 2004-Jun-25, 0 devices found
[    2.116003] EDD information not available.
[    2.122625] Freeing unused kernel memory: 1492K
[    2.136665] Write protecting the kernel read-only data: 14336k
[    2.143389] Freeing unused kernel memory: 1584K
[    2.147964] Freeing unused kernel memory: 52K
Loading, please wait...
starting version 229
[    2.190207] random: systemd-udevd: uninitialized urandom read (16 bytes read, 9 bits of entropy available)
[    2.190191] random: udevadm: uninitialized urandom read (16 bytes read, 9 bits of entropy available)
[    2.190215] random: udevadm: uninitialized urandom read (16 bytes read, 9 bits of entropy available)
[    2.202912] random: udevadm: uninitialized urandom read (16 bytes read, 9 bits of entropy available)
[    2.202968] random: udevadm: uninitialized urandom read (16 bytes read, 9 bits of entropy available)
[    2.203155] random: udevadm: uninitialized urandom read (16 bytes read, 9 bits of entropy available)
[    2.203200] random: udevadm: uninitialized urandom read (16 bytes read, 9 bits of entropy available)
[    2.203277] random: udevadm: uninitialized urandom read (16 bytes read, 9 bits of entropy available)
[    2.203380] random: udevadm: uninitialized urandom read (16 bytes read, 9 bits of entropy available)
[    2.203424] random: udevadm: uninitialized urandom read (16 bytes read, 9 bits of entropy available)
[    2.308912] e1000: Intel(R) PRO/1000 Network Driver - version 7.3.21-k8-NAPI
[    2.314607] e1000: Copyright (c) 1999-2006 Intel Corporation.
[    2.325813] Fusion MPT base driver 3.04.20
[    2.329294] Copyright (c) 1999-2008 LSI Corporation
[    2.366842] SSE version of gcm_enc/dec engaged.
[    2.371571] Fusion MPT SPI Host driver 3.04.20
[    2.573876] input: ImExPS/2 Generic Explorer Mouse as /devices/platform/i8042/serio1/input/input4
[    2.972780] e1000 0000:00:03.0 eth0: (PCI:33MHz:32-bit) 02:be:82:6b:cc:1d
[    2.978471] e1000 0000:00:03.0 eth0: Intel(R) PRO/1000 Network Connection
[    3.546184] e1000 0000:00:08.0 eth1: (PCI:33MHz:32-bit) 08:00:27:da:75:ab
[    3.551754] e1000 0000:00:08.0 eth1: Intel(R) PRO/1000 Network Connection
[    4.129879] e1000 0000:00:09.0 eth2: (PCI:33MHz:32-bit) 08:00:27:55:2b:96
[    4.135332] e1000 0000:00:09.0 eth2: Intel(R) PRO/1000 Network Connection
[    4.143221] mptbase: ioc0: Initiating bringup
[    4.219755] ioc0: LSI53C1030 A0: Capabilities={Initiator}
[    4.398365] scsi host2: ioc0: LSI53C1030 A0, FwRev=00000000h, Ports=1, MaxQ=256, IRQ=20
[    4.534302] scsi 2:0:0:0: Direct-Access     VBOX     HARDDISK         1.0  PQ: 0 ANSI: 5
[    4.541809] scsi target2:0:0: Beginning Domain Validation
[    4.554113] scsi target2:0:0: Domain Validation skipping write tests
[    4.559804] scsi target2:0:0: Ending Domain Validation
[    4.596143] scsi target2:0:0: asynchronous
[    4.605276] scsi 2:0:1:0: Direct-Access     VBOX     HARDDISK         1.0  PQ: 0 ANSI: 5
[    4.612163] scsi target2:0:1: Beginning Domain Validation
[    4.623015] scsi target2:0:1: Domain Validation skipping write tests
[    4.628428] scsi target2:0:1: Ending Domain Validation
[    4.633464] scsi target2:0:1: asynchronous
[    4.657644] sd 2:0:0:0: Attached scsi generic sg0 type 0
[    4.662084] sd 2:0:0:0: [sda] 83886080 512-byte logical blocks: (42.9 GB/40.0 GiB)
[    4.669939] sd 2:0:1:0: Attached scsi generic sg1 type 0
[    4.674478] sd 2:0:1:0: [sdb] 20480 512-byte logical blocks: (10.5 MB/10.0 MiB)
[    4.682118] sd 2:0:0:0: [sda] Write Protect is off
[    4.688568] sd 2:0:0:0: [sda] Incomplete mode parameter data
[    4.693431] sd 2:0:0:0: [sda] Assuming drive cache: write through
[    4.702194] sd 2:0:1:0: [sdb] Write Protect is off
[    4.707646] sd 2:0:1:0: [sdb] Incomplete mode parameter data
[    4.712487] sd 2:0:1:0: [sdb] Assuming drive cache: write through
[    4.725859]  sda: sda1
[    4.732214] sd 2:0:0:0: [sda] Attached SCSI disk
[    4.741643] sd 2:0:1:0: [sdb] Attached SCSI disk
[    5.188906] e1000 0000:00:0a.0 eth3: (PCI:33MHz:32-bit) 08:00:27:43:a9:9a
[    5.194386] e1000 0000:00:0a.0 eth3: Intel(R) PRO/1000 Network Connection
[    5.771337] e1000 0000:00:10.0 eth4: (PCI:33MHz:32-bit) 08:00:27:ba:48:61
[    5.776861] e1000 0000:00:10.0 eth4: Intel(R) PRO/1000 Network Connection
[    6.347160] e1000 0000:00:11.0 eth5: (PCI:33MHz:32-bit) 08:00:27:6a:a5:56
[    6.352885] e1000 0000:00:11.0 eth5: Intel(R) PRO/1000 Network Connection
[    6.360747] e1000 0000:00:03.0 enp0s3: renamed from eth0
[    6.376933] e1000 0000:00:0a.0 enp0s10: renamed from eth3
[    6.396629] e1000 0000:00:10.0 enp0s16: renamed from eth4
[    6.413753] e1000 0000:00:11.0 enp0s17: renamed from eth5
[    6.432582] e1000 0000:00:09.0 enp0s9: renamed from eth2
[    6.453067] e1000 0000:00:08.0 enp0s8: renamed from eth1
Begin: Loading essential drivers ... [    7.922496] md: linear personality registered for level -1
[    7.931318] md: multipath personality registered for level -4
[    7.939874] md: raid0 personality registered for level 0
[    7.957472] md: raid1 personality registered for level 1
[    8.423585] raid6: sse2x1   gen() 62942 MB/s
[   10.419040] raid6: sse2x1   xor() 135897 MB/s
[   11.420631] raid6: sse2x2   gen() 273295 MB/s
[   12.416387] raid6: sse2x2   xor() 184776 MB/s
[   13.419356] raid6: sse2x4   gen() 294101 MB/s
[   13.497748] raid6: sse2x4   xor()  7418 MB/s
[   13.501683] raid6: using algorithm sse2x4 gen() 294101 MB/s
[   13.506755] raid6: .... xor() 7418 MB/s, rmw enabled
[   13.511247] raid6: using ssse3x2 recovery algorithm
[   13.518332] xor: measuring software checksum speed
[   13.560268]    prefetch64-sse: 18878.000 MB/sec
[   13.604443]    generic_sse: 15514.000 MB/sec
[   13.608491] xor: using function: prefetch64-sse (18878.000 MB/sec)
[   13.617717] async_tx: api initialized (async)
[   13.661398] md: raid6 personality registered for level 6
[   13.665959] md: raid5 personality registered for level 5
[   13.670313] md: raid4 personality registered for level 4
[   13.696088] md: raid10 personality registered for level 10
done.
Begin: Running /scripts/init-premount ... done.
Begin: Mounting root file system ... Begin: Running /scripts/local-top ... done.
Begin: Running /scripts/local-premount ... [   13.793166] Btrfs loaded
Scanning for Btrfs filesystems
done.
Warning: fsck not present, so skipping root file system
[   13.862283] EXT4-fs (sda1): mounted filesystem with ordered data mode. Opts: (null)
done.
Begin: Running /scripts/local-bottom ... done.
Begin: Running /scripts/init-bottom ... done.
[   14.073308] systemd[1]: systemd 229 running in system mode. (+PAM +AUDIT +SELINUX +IMA +APPARMOR +SMACK +SYSVINIT +UTMP +LIBCRYPTSETUP +GCRYPT +GNUTLS +ACL +XZ -LZ4 +SECCOMP +BLKID +ELFUTILS +KMOD -IDN)
[   14.088915] systemd[1]: Detected virtualization oracle.
[   14.093753] systemd[1]: Detected architecture x86-64.

Welcome to [1mUbuntu 16.04.7 LTS[0m!

[   14.109429] systemd[1]: Set hostname to <ubuntu>.
[   14.119712] systemd[1]: Initializing machine ID from random generator.
[   14.125208] systemd[1]: Installed transient /etc/machine-id file.
[   14.359392] systemd[1]: Listening on udev Control Socket.
[[0;32m  OK  [0m] Listening on udev Control Socket.
[   14.370034] systemd[1]: Reached target User and Group Name Lookups.
[[0;32m  OK  [0m] Reached target User and Group Name Lookups.
[   14.381293] systemd[1]: Listening on udev Kernel Socket.
[[0;32m  OK  [0m] Listening on udev Kernel Socket.
[   14.391398] systemd[1]: Listening on Device-mapper event daemon FIFOs.
[[0;32m  OK  [0m] Listening on Device-mapper event daemon FIFOs.
[   14.402965] systemd[1]: Listening on LVM2 poll daemon socket.
[[0;32m  OK  [0m] Listening on LVM2 poll daemon socket.
[   14.413746] systemd[1]: Started Trigger resolvconf update for networkd DNS.
[[0;32m  OK  [0m] Started Trigger resolvconf update for networkd DNS.
[   14.426665] systemd[1]: Listening on Journal Audit Socket.
[[0;32m  OK  [0m] Listening on Journal Audit Socket.
[   14.437690] systemd[1]: Created slice System Slice.
[[0;32m  OK  [0m] Created slice System Slice.
[   14.447223] systemd[1]: Listening on Journal Socket.
[[0;32m  OK  [0m] Listening on Journal Socket.
[   14.472831] systemd[1]: Starting Uncomplicated firewall...
         Starting Uncomplicated firewall...
[   14.485944] systemd[1]: Mounting Huge Pages File System...
         Mounting Huge Pages File System...
[   14.499114] systemd[1]: Starting Load Kernel Modules...
         Starting Load Kernel Modules...
[   14.512535] random: nonblocking pool is initialized
[   14.518604] systemd[1]: Created slice User and Session Slice.
[[0;32m  OK  [0m] Created slice User and Session Slice.
[   14.531019] systemd[1]: Starting Set console keymap...
[   14.536931] Loading iSCSI transport class v2.0-870.
         Starting Set console keymap...
[   14.544022] systemd[1]: Listening on /dev/initctl Compatibility Named Pipe.
[[0;32m  OK  [0m] Listening on /dev/initctl Compatibility Named Pipe.
[   14.563169] iscsi: registered transport (tcp)
[   14.585360] systemd[1]: Mounting Debug File System...
         Mounting Debug File System...
[   14.597104] systemd[1]: Starting Create list of required static device nodes for the current kernel...
         Starting Create list of required st... nodes for the current kernel...
[   14.618815] systemd[1]: Reached target Slices.
[[0;32m  OK  [0m] Reached target Slices.
[   14.633186] systemd[1]: Started Forward Password Requests to Wall Directory Watch.
[[0;32m  OK  [0m] Started Forward Password Requests to Wall Directory Watch.
[   14.645454] systemd[1]: Listening on LVM2 metadata daemon socket.
[[0;32m  OK  [0m] Listening on LVM2 metadata daemon socket.
[   14.672065] iscsi: registered transport (iser)
[   14.676866] systemd[1]: Starting Monitoring of LVM2 mirrors, snapshots etc. using dmeventd or progress polling...
         Starting Monitoring of LVM2 mirrors... dmeventd or progress polling...
[   14.694802] systemd[1]: Mounting POSIX Message Queue File System...
         Mounting POSIX Message Queue File System...
[   14.705798] systemd[1]: Listening on fsck to fsckd communication Socket.
[[0;32m  OK  [0m] Listening on fsck to fsckd communication Socket.
[   14.717145] systemd[1]: Set up automount Arbitrary Executable File Formats File System Automount Point.
[[0;32m  OK  [0m] Set up automount Arbitrary Executab...ats File System Automount Point.
[   14.745790] systemd[1]: Starting Nameserver information manager...
         Starting Nameserver information manager...
[   14.756359] systemd[1]: Reached target Encrypted Volumes.
[[0;32m  OK  [0m] Reached target Encrypted Volumes.
[   14.766386] systemd[1]: Listening on Journal Socket (/dev/log).
[[0;32m  OK  [0m] Listening on Journal Socket (/dev/log).
[   14.776845] systemd[1]: Reached target System Time Synchronized.
[[0;32m  OK  [0m] Reached target System Time Synchronized.
[   14.789064] systemd[1]: Created slice system-serial\x2dgetty.slice.
[[0;32m  OK  [0m] Created slice system-serial\x2dgetty.slice.
[   14.805719] systemd[1]: Starting File System Check on Root Device...
         Starting File System Check on Root Device...
[   14.818398] systemd[1]: Reached target Swap.
[[0;32m  OK  [0m] Reached target Swap.
[   14.830230] systemd[1]: Listening on Syslog Socket.
[[0;32m  OK  [0m] Listening on Syslog Socket.
[   14.853957] systemd[1]: Starting Journal Service...
         Starting Journal Service...
[   14.864523] systemd[1]: Mounted Huge Pages File System.
[[0;32m  OK  [0m] Mounted Huge Pages File System.
[   14.875978] systemd[1]: Mounted POSIX Message Queue File System.
[[0;32m  OK  [0m] Mounted POSIX Message Queue File System.
[   14.885878] systemd[1]: Mounted Debug File System.
[[0;32m  OK  [0m] Mounted Debug File System.
[   14.895204] systemd[1]: Started Journal Service.
[[0;32m  OK  [0m] Started Journal Service.
[[0;32m  OK  [0m] Started Uncomplicated firewall.
[[0;32m  OK  [0m] Started Load Kernel Modules.
[[0;32m  OK  [0m] Started Set console keymap.
[[0;32m  OK  [0m] Started Create list of required sta...ce nodes for the current kernel.
[[0;32m  OK  [0m] Started File System Check on Root Device.
[[0;32m  OK  [0m] Started Nameserver information manager.
[[0;32m  OK  [0m] Started File System Check Daemon to report status.
[[0;32m  OK  [0m] Started LVM2 metadata daemon.
         Starting Remount Root and Kernel File Systems...
         [   14.977669] EXT4-fs (sda1): re-mounted. Opts: (null)
Starting Create Static Device Nodes in /dev...
         Starting Apply Kernel Variables...
         Mounting FUSE Control File System...
[[0;32m  OK  [0m] Mounted FUSE Control File System.
[[0;32m  OK  [0m] Started Remount Root and Kernel File Systems.
[[0;32m  OK  [0m] Started Create Static Device Nodes in /dev.
[[0;32m  OK  [0m] Started Apply Kernel Variables.
         Starting udev Kernel Device Manager...
         Starting udev Coldplug all Devices...
         Starting Load/Save Random Seed...
         Starting Flush Journal to Persistent Storage...
[[0;32m  OK  [0m] Started Load/Save Random Seed.
[[0;32m  OK  [0m] Started Flush Journal to Persistent Storage.
[[0;32m  OK  [0m] Started udev Coldplug all Devices.
[[0;32m  OK  [0m] Started udev Kernel Device Manager.
[[0;32m  OK  [0m] Started Dispatch Password Requests to Console Directory Watch.
[[0;32m  OK  [0m] Found device /dev/ttyS0.
[[0;32m  OK  [0m] Started Monitoring of LVM2 mirrors,...ng dmeventd or progress polling.
[[0;32m  OK  [0m] Reached target Local File Systems (Pre).
[[0;32m  OK  [0m] Reached target Local File Systems.
         Starting Commit a transient machine-id on disk...
         Starting Initial cloud-init job (pre-networking)...
         Starting Set console font and keymap...
         Starting LSB: AppArmor initialization...
         Starting Create Volatile Files and Directories...
         Starting Tell Plymouth To Write Out Runtime Data...
[[0;32m  OK  [0m] Started Commit a transient machine-id on disk.
[[0;32m  OK  [0m] Started Create Volatile Files and Directories.
[[0;32m  OK  [0m] Started Tell Plymouth To Write Out Runtime Data.
[[0;32m  OK  [0m] Listening on Load/Save RF Kill Switch Status /dev/rfkill Watch.
         Starting Update UTMP about System Boot/Shutdown...
[[0;32m  OK  [0m] Started Update UTMP about System Boot/Shutdown.
[[0;32m  OK  [0m] Started LSB: AppArmor initialization.
         Starting Load AppArmor profiles managed internally by snapd...
[[0;32m  OK  [0m] Started Load AppArmor profiles managed internally by snapd.
[   17.147887] cloud-init[595]: Cloud-init v. 21.1-19-gbad84ad4-0ubuntu1~16.04.2 running 'init-local' at Mon, 27 Mar 2023 14:21:49 +0000. Up 16.79 seconds.
[[0;32m  OK  [0m] Started Set console font and keymap.
[[0;32m  OK  [0m] Started Initial cloud-init job (pre-networking).
[[0;32m  OK  [0m] Reached target Network (Pre).
         Starting Raise network interfaces...
[[0;32m  OK  [0m] Created slice system-getty.slice.
[[0;32m  OK  [0m] Started Raise network interfaces.
         Starting Initial cloud-init job (metadata service crawler)...
[[0;32m  OK  [0m] Reached target Network.
[   18.354173] cloud-init[1017]: Cloud-init v. 21.1-19-gbad84ad4-0ubuntu1~16.04.2 running 'init' at Mon, 27 Mar 2023 14:21:50 +0000. Up 17.83 seconds.
[   18.361055] cloud-init[1017]: ci-info: +++++++++++++++++++++++++++++++++++++++Net device info+++++++++++++++++++++++++++++++++++++++
[   18.366318] cloud-init[1017]: ci-info: +---------+-------+----------------------------+---------------+--------+-------------------+
[   18.372055] cloud-init[1017]: ci-info: |  Device |   Up  |          Address           |      Mask     | Scope  |     Hw-Address    |
[   18.383732] cloud-init[1017]: ci-info: +---------+-------+----------------------------+---------------+--------+-------------------+
[   18.389920] cloud-init[1017]: ci-info: | enp0s10 | False |             .              |       .       |   .    | 08:00:27:43:a9:9a |
[   18.396201] cloud-init[1017]: ci-info: | enp0s16 | False |             .              |       .       |   .    | 08:00:27:ba:48:61 |
[   18.401642] cloud-init[1017]: ci-info: | enp0s17 | False |             .              |       .       |   .    | 08:00:27:6a:a5:56 |
[   18.406852] cloud-init[1017]: ci-info: |  enp0s3 |  True |         10.0.2.15          | 255.255.255.0 | global | 02:be:82:6b:cc:1d |
[   18.412071] cloud-init[1017]: ci-info: |  enp0s3 |  True | fe80::be:82ff:fe6b:cc1d/64 |       .       |  link  | 02:be:82:6b:cc:1d |
[   18.418198] cloud-init[1017]: ci-info: |  enp0s8 | False |             .              |       .       |   .    | 08:00:27:da:75:ab |
[   18.424075] cloud-init[1017]: ci-info: |  enp0s9 | False |             .              |       .       |   .    | 08:00:27:55:2b:96 |
[   18.429448] cloud-init[1017]: ci-info: |    lo   |  True |         127.0.0.1          |   255.0.0.0   |  host  |         .         |
[   18.434591] cloud-init[1017]: ci-info: |    lo   |  True |          ::1/128           |       .       |  host  |         .         |
[   18.441207] cloud-init[1017]: ci-info: +---------+-------+----------------------------+---------------+--------+-------------------+
[   18.446420] cloud-init[1017]: ci-info: +++++++++++++++++++++++++++Route IPv4 info++++++++++++++++++++++++++++
[   18.451171] cloud-init[1017]: ci-info: +-------+-------------+----------+---------------+-----------+-------+
[   18.456220] cloud-init[1017]: ci-info: | Route | Destination | Gateway  |    Genmask    | Interface | Flags |
[   18.462128] cloud-init[1017]: ci-info: +-------+-------------+----------+---------------+-----------+-------+
[   18.468796] cloud-init[1017]: ci-info: |   0   |   0.0.0.0   | 10.0.2.2 |    0.0.0.0    |   enp0s3  |   UG  |
[   18.473406] cloud-init[1017]: ci-info: |   1   |   10.0.2.0  | 0.0.0.0  | 255.255.255.0 |   enp0s3  |   U   |
[   18.478516] cloud-init[1017]: ci-info: +-------+-------------+----------+---------------+-----------+-------+
[   18.483745] cloud-init[1017]: ci-info: +++++++++++++++++++Route IPv6 info+++++++++++++++++++
[   18.488214] cloud-init[1017]: ci-info: +-------+-------------+---------+-----------+-------+
[   18.492700] cloud-init[1017]: ci-info: | Route | Destination | Gateway | Interface | Flags |
[   18.497271] cloud-init[1017]: ci-info: +-------+-------------+---------+-----------+-------+
[   18.501577] cloud-init[1017]: ci-info: |   0   |  fe80::/64  |    ::   |   enp0s3  |   U   |
[   18.506232] cloud-init[1017]: ci-info: |   3   |   ff00::/8  |    ::   |   enp0s3  |   U   |
[   18.511667] cloud-init[1017]: ci-info: +-------+-------------+---------+-----------+-------+
[   18.516096] cloud-init[1017]: Generating public/private rsa key pair.
[   18.519824] cloud-init[1017]: Your identification has been saved in /etc/ssh/ssh_host_rsa_key.
[   18.524659] cloud-init[1017]: Your public key has been saved in /etc/ssh/ssh_host_rsa_key.pub.
[   18.528886] cloud-init[1017]: The key fingerprint is:
[   18.532192] cloud-init[1017]: SHA256:aKNPnKr18WMXp9V3hN0SW6EsZ9l9fSLrf0U7myxzW0M root@ubuntu-xenial
[   18.536644] cloud-init[1017]: The key's randomart image is:
[   18.540323] cloud-init[1017]: +---[RSA 2048]----+
[   18.546309] cloud-init[1017]: |               ..|
[   18.551058] cloud-init[1017]: |            . = +|
[   18.558468] cloud-init[1017]: |           ..*.B*|
[   18.561881] cloud-init[1017]: |       .    +o+.B|
[   18.565205] cloud-init[1017]: |      + S   .. E.|
[   18.568801] cloud-init[1017]: |     + o  ..o oo+|
[   18.572232] cloud-init[1017]: |    o =    =. .oB|
[   18.575854] cloud-init[1017]: |   . = oo o  + =+|
[   18.579422] cloud-init[1017]: |  ... o..o    =o.|
[[0;32m  OK  [0m] Started Initial cloud-init job (metadata service crawler).
[[0;32m  OK  [0m] Reached target Cloud-config availability.
[[0;32m  OK  [0m] Reached target Network is Online.
[   18.587557] cloud-init[1017]: +----[SHA256]-----+
[   18.596489] cloud-init[1017]:          Starting iSCSI initiator daemon (iscsid)...
[[0;32m  OK  [0m] Reached target System Initialization.
Generating public/private dsa key pair.
[   18.609056] cloud-init[1017]: Your identification has been saved in /etc/ssh/ssh_host_dsa_key.
[[0;32m  OK  [0m] Started ACPI Events Check.
[   18.617634] cloud-init[1017]: Your public key has been saved in /etc/ssh/ssh_host_dsa_key.pub.
[[0;32m  OK  [0m] [   18.628985] cloud-init[1017]: The key fingerprint is:
[   18.629616] cloud-init[1017]: SHA256:3kSPYic30v0eBLWJXn+9VeB7OiiIid/PHkCTmFess7g root@ubuntu-xenial
[   18.629651] cloud-init[1017]: The key's randomart image is:
[   18.629676] cloud-init[1017]: +---[DSA 1024]----+
[   18.630333] cloud-init[1017]: |         ..   o  |
[   18.630670] cloud-init[1017]: |       o o.  + + |
[   18.631194] cloud-init[1017]: |      o =.. o = .|
[   18.632370] cloud-init[1017]: |       oo+ = o oo|
[   18.632449] cloud-init[1017]: |       .SoB + o *|
[   18.632878] cloud-init[1017]: |     ..=.@ . + o+|
[   18.633985] cloud-init[1017]: |    . o.o + . =. |
[   18.634364] cloud-init[1017]: |     .E. . o . o |
[   18.634717] cloud-init[1017]: |      . .o+   .  |
[   18.635177] cloud-init[1017]: +----[SHA256]-----+
[   18.637626] cloud-init[1017]: Generating public/private ecdsa key pair.
[   18.638029] cloud-init[1017]: Your identification has been saved in /etc/ssh/ssh_host_ecdsa_key.
[   18.638486] cloud-init[1017]: Your public key has been saved in /etc/ssh/ssh_host_ecdsa_key.pub.
[   18.638918] cloud-init[1017]: The key fingerprint is:
[   18.639010] cloud-init[1017]: SHA256:ItzDd6NhBCbu1yQq6WmGrkeCXM+ODbaALlrkyDo8yFU root@ubuntu-xenial
[   18.639393] cloud-init[1017]: The key's randomart image is:
[   18.640038] cloud-init[1017]: +---[ECDSA 256]---+
[   18.641144] cloud-init[1017]: |    . o          |
[   18.641356] cloud-init[1017]: |   . o .         |
[   18.641819] cloud-init[1017]: |    . . o        |
[   18.642213] cloud-init[1017]: |   = E =         |
[   18.642743] cloud-init[1017]: |+ = O * S o      |
[   18.643124] cloud-init[1017]: |=O.* = = + .     |
[   18.643519] cloud-init[1017]: |B+@ *   .        |
[   18.644074] cloud-init[1017]: |*O.o o           |
[   18.645071] cloud-init[1017]: |B+.              |
[   18.645344] cloud-init[1017]: +----[SHA256]-----+
[   18.645893] cloud-init[1017]: Generating public/private ed25519 key pair.
[   18.646179] cloud-init[1017]: Your identification has been saved in /etc/ssh/ssh_host_ed25519_key.
[   18.646734] cloud-init[1017]: Your public key has been saved in /etc/ssh/ssh_host_ed25519_key.pub.
[   18.647225] cloud-init[1017]: The key fingerprint is:
[   18.647759] cloud-init[1017]: SHA256:zjYkxgTiVhBloBKiCxv3EnGP+haav7fyVdAqWm9vXLo root@ubuntu-xenial
[   18.648837] cloud-init[1017]: The key's randomart image is:
[   18.649128] cloud-init[1017]: +--[ED25519 256]--+
[   18.649569] cloud-init[1017]: |o *=*            |
[   18.650071] cloud-init[1017]: |o+ * +   .       |
[   18.650574] cloud-init[1017]: |* = . o . .      |
[   18.650918] cloud-init[1017]: |o* + o   o       |
[   18.651297] cloud-init[1017]: |o o o * S .      |
[   18.651632] cloud-init[1017]: |   = = B .  .    |
[   18.652011] cloud-init[1017]: |  o +   O. o     |
[   18.652777] cloud-init[1017]: |   o. .+ o+      |
[   18.653128] cloud-init[1017]: |    o=o. .E.     |
[   18.653452] cloud-init[1017]: +----[SHA256]-----+
Reached target Paths.
[[0;32m  OK  [0m] Started Daily Cleanup of Temporary Directories.
         Starting LXD - unix socket.
[[0;32m  OK  [0m] Listening on UUID daemon activation socket.
[[0;32m  OK  [0m] Started Daily apt download activities.
[[0;32m  OK  [0m] Started Daily apt upgrade and clean activities.
[[0;32m  OK  [0m] Listening on ACPID Listen Socket.
[[0;32m  OK  [0m] Started Message of the Day.
[[0;32m  OK  [0m] Listening on D-Bus System Message Bus Socket.
[[0;32m  OK  [0m] Started Ubuntu Advantage update messaging.
[[0;32m  OK  [0m] Reached target Timers.
         Starting Socket activation for snappy daemon.
[[0;32m  OK  [0m] Listening on LXD - unix socket.
[[0;32m  OK  [0m] Listening on Socket activation for snappy daemon.
[[0;32m  OK  [0m] Reached target Sockets.
[[0;32m  OK  [0m] Reached target Basic System.
[[0;32m  OK  [0m] Started ACPI event daemon.
         Starting System Logging Service...
         Starting Accounts Service...
[[0;32m  OK  [0m] Started D-Bus System Message Bus.
[[0;32m  OK  [0m] Started Deferred execution scheduler.
         Starting Pollinate to seed the pseudo random number generator...
[[0;32m  OK  [0m] Started Regular background program processing daemon.
         Starting /etc/rc.local Compatibility...
         Starting Login Service...
         Starting LXD - container startup/shutdown...
[[0;32m  OK  [0m] Started FUSE filesystem for LXC.
         Starting Snap Daemon...
         Starting Virtualbox guest utils...
         Starting LSB: Record successful boot for GRUB...
         Starting LSB: MD monitoring daemon...
[[0;32m  OK  [0m] Started System Logging Service.
[[0;32m  OK  [0m] Started iSCSI initiator daemon (iscsid).
[[0;32m  OK  [0m] Started /etc/rc.local Compatibility.
         Starting Authenticate and Authorize Users to Run Privileged Tasks...
         Starting Login to default iSCSI targets...
[[0;32m  OK  [0m] Started Login Service.
[[0;32m  OK  [0m] Started Unattended Upgrades Shutdown.
[[0;32m  OK  [0m] Started LSB: Record successful boot for GRUB.
[[0;32m  OK  [0m] Started LSB: MD monitoring daemon.
[[0;32m  OK  [0m] Started Authenticate and Authorize Users to Run Privileged Tasks.
[[0;32m  OK  [0m] Started Accounts Service.
[[0;32m  OK  [0m] Started Login to default iSCSI targets.
[[0;32m  OK  [0m] Reached target Remote File Systems (Pre).
[[0;32m  OK  [0m] Reached target Remote File Systems.
         Starting LSB: automatic crash report generation...
         Starting LSB: daemon to balance interrupts for SMP systems...
         Starting LSB: Set the CPU Frequency Scaling governor to "ondemand"...
         Starting Permit User Sessions...
[[0;32m  OK  [0m] Started Permit User Sessions.
[[0;32m  OK  [0m] Started LXD - container startup/shutdown.
[[0;32m  OK  [0m] Started Virtualbox guest utils.
         Starting Terminate Plymouth Boot Screen...
         Starting Hold until boot process finishes up...
[[0;32m  OK  [0m] Started Terminate Plymouth Boot Screen.
[[0;32m  OK  [0m] Started Hold until boot process finishes up.
[[0;32m  OK  [0m] Started LSB: automatic crash report generation.
         Starting Set console scheme...
[[0;32m  OK  [0m] Started Getty on tty1.
[[0;32m  OK  [0m] Started Serial Getty on ttyS0.
[[0;32m  OK  [0m] Reached target Login Prompts.
[[0;32m  OK  [0m] Started LSB: daemon to balance interrupts for SMP systems.
[[0;32m  OK  [0m] Started LSB: Set the CPU Frequency Scaling governor to "ondemand".
[[0;32m  OK  [0m] Started Set console scheme.
[[0;32m  OK  [0m] Started Snap Daemon.
         Starting Wait until snapd is fully seeded...
[[0;32m  OK  [0m] Started Pollinate to seed the pseudo random number generator.
         Starting OpenBSD Secure Shell server...
[[0;32m  OK  [0m] Started OpenBSD Secure Shell server.
[[0;32m  OK  [0m] Created slice User Slice of vagrant.
         Starting User Manager for UID 1000...
[[0;32m  OK  [0m] Started Session 1 of user vagrant.
[[0;32m  OK  [0m] Started User Manager for UID 1000.
[[0;32m  OK  [0m] Started Wait until snapd is fully seeded.
         Starting Apply the settings specified in cloud-config...
[[0;32m  OK  [0m] Reached target Multi-User System.
[[0;32m  OK  [0m] Reached target Graphical Interface.
         Starting Update UTMP about System Runlevel Changes...
[[0;32m  OK  [0m] Started Update UTMP about System Runlevel Changes.
[   23.114124] cloud-init[1468]: Generating locales (this might take a while)...
[   25.065607] cloud-init[1468]:   en_US.UTF-8... done
[   25.071045] cloud-init[1468]: Generation complete.

Ubuntu 16.04.7 LTS ubuntu-xenial ttyS0

ubuntu-xenial login: [   25.958729] cloud-init[1468]: Cloud-init v. 21.1-19-gbad84ad4-0ubuntu1~16.04.2 running 'modules:config' at Mon, 27 Mar 2023 14:21:55 +0000. Up 22.98 seconds.
ci-info: no authorized SSH keys fingerprints found for user ubuntu.
<14>Mar 27 14:21:58 ec2: 
<14>Mar 27 14:21:58 ec2: #############################################################
<14>Mar 27 14:21:58 ec2: -----BEGIN SSH HOST KEY FINGERPRINTS-----
<14>Mar 27 14:21:58 ec2: 1024 SHA256:3kSPYic30v0eBLWJXn+9VeB7OiiIid/PHkCTmFess7g root@ubuntu-xenial (DSA)
<14>Mar 27 14:21:58 ec2: 256 SHA256:ItzDd6NhBCbu1yQq6WmGrkeCXM+ODbaALlrkyDo8yFU root@ubuntu-xenial (ECDSA)
<14>Mar 27 14:21:58 ec2: 256 SHA256:zjYkxgTiVhBloBKiCxv3EnGP+haav7fyVdAqWm9vXLo root@ubuntu-xenial (ED25519)
<14>Mar 27 14:21:58 ec2: 2048 SHA256:aKNPnKr18WMXp9V3hN0SW6EsZ9l9fSLrf0U7myxzW0M root@ubuntu-xenial (RSA)
<14>Mar 27 14:21:58 ec2: -----END SSH HOST KEY FINGERPRINTS-----
<14>Mar 27 14:21:58 ec2: #############################################################
-----BEGIN SSH HOST KEY KEYS-----
ecdsa-sha2-nistp256 AAAAE2VjZHNhLXNoYTItbmlzdHAyNTYAAAAIbmlzdHAyNTYAAABBBOceYwbljPL0wkiYqnhYGS1QFqVC5ScwiEicmo8+SzgLHBmJIfiGgb2u2hPhY2xIzHb66JkTGabiHf8MXgIkLB4= root@ubuntu-xenial
ssh-ed25519 AAAAC3NzaC1lZDI1NTE5AAAAIJM2oWC21pbKnHxkN4nQczm4ZADtP4AcYGsJAbSvJ+bI root@ubuntu-xenial
ssh-rsa AAAAB3NzaC1yc2EAAAADAQABAAABAQCank7FgY8Hh3LxwZ6/hnHvywvjfsVhXdz0cP79YkCbQEiviXxrWnczq7pTIuf8HCXZen+Fl8lwJZyFi66ndJTjPv4pPPHG4lBGMip48ktHCxGzbcfwA2cLIVtnPZ92K5w/sjFo7MWSg4yup4amcsAVsB6TzQoXfvsShOUqvXbA4v+91CaAoG6MA1pt+meax5U/e8qEminD7o1pK6/FMSNymSrW8gUMtUKBwyAeRnBEIHgMPpNIDvxs5vDVn5guU9llRLbJ1MJTV9AfCnk5vdLWBUGEpNiVsQeNPXosf44ip5jc9r2DsQF0wEq8o3kuBlrBqtN0F+ozd4qqixMNN0Ez root@ubuntu-xenial
-----END SSH HOST KEY KEYS-----
[   26.622101] cloud-init[1664]: Cloud-init v. 21.1-19-gbad84ad4-0ubuntu1~16.04.2 running 'modules:final' at Mon, 27 Mar 2023 14:21:58 +0000. Up 26.37 seconds.
[   26.632255] cloud-init[1664]: ci-info: no authorized SSH keys fingerprints found for user ubuntu.
[   26.638822] cloud-init[1664]: Cloud-init v. 21.1-19-gbad84ad4-0ubuntu1~16.04.2 finished at Mon, 27 Mar 2023 14:21:58 +0000. Datasource DataSourceNoCloud [seed=/dev/sdb][dsmode=net].  Up 26.57 seconds
