[    0.000000] Initializing cgroup subsys cpuset
[    0.000000] Initializing cgroup subsys cpu
[    0.000000] Initializing cgroup subsys cpuacct
[    0.000000] Linux version 4.4.0-210-generic (buildd@lgw01-amd64-009) (gcc version 5.4.0 20160609 (Ubuntu 5.4.0-6ubuntu1~16.04.12) ) #242-Ubuntu SMP Fri Apr 16 09:57:56 UTC 2021 (Ubuntu 4.4.0-210.242-generic 4.4.262)
[    0.000000] Command line: BOOT_IMAGE=/boot/vmlinuz-4.4.0-210-generic root=LABEL=cloudimg-rootfs ro console=tty1 console=ttyS0
[    0.000000] KERNEL supported cpus:
[    0.000000]   Intel GenuineIntel
[    0.000000]   AMD AuthenticAMD
[    0.000000]   Centaur CentaurHauls
[    0.000000] [Firmware Bug]: TSC doesn't count with P0 frequency!
[    0.000000] x86/fpu: Legacy x87 FPU detected.
[    0.000000] e820: BIOS-provided physical RAM map:
[    0.000000] BIOS-e820: [mem 0x0000000000000000-0x000000000009fbff] usable
[    0.000000] BIOS-e820: [mem 0x000000000009fc00-0x000000000009ffff] reserved
[    0.000000] BIOS-e820: [mem 0x00000000000f0000-0x00000000000fffff] reserved
[    0.000000] BIOS-e820: [mem 0x0000000000100000-0x000000003ffeffff] usable
[    0.000000] BIOS-e820: [mem 0x000000003fff0000-0x000000003fffffff] ACPI data
[    0.000000] BIOS-e820: [mem 0x00000000fec00000-0x00000000fec00fff] reserved
[    0.000000] BIOS-e820: [mem 0x00000000fee00000-0x00000000fee00fff] reserved
[    0.000000] BIOS-e820: [mem 0x00000000fffc0000-0x00000000ffffffff] reserved
[    0.000000] NX (Execute Disable) protection: active
[    0.000000] SMBIOS 2.5 present.
[    0.000000] Hypervisor detected: KVM
[    0.000000] Kernel/User page tables isolation: disabled
[    0.000000] e820: last_pfn = 0x3fff0 max_arch_pfn = 0x400000000
[    0.000000] MTRR: Disabled
[    0.000000] x86/PAT: MTRRs disabled, skipping PAT initialization too.
[    0.000000] CPU MTRRs all blank - virtualized system.
[    0.000000] x86/PAT: Configuration [0-7]: WB  WT  UC- UC  WB  WT  UC- UC  
[    0.000000] found SMP MP-table at [mem 0x0009fff0-0x0009ffff] mapped at [ffff88000009fff0]
[    0.000000] Scanning 1 areas for low memory corruption
[    0.000000] RAMDISK: [mem 0x362dc000-0x37165fff]
[    0.000000] ACPI: Early table checksum verification disabled
[    0.000000] ACPI: RSDP 0x00000000000E0000 000024 (v02 VBOX  )
[    0.000000] ACPI: XSDT 0x000000003FFF0030 00003C (v01 VBOX   VBOXXSDT 00000001 ASL  00000061)
[    0.000000] ACPI: FACP 0x000000003FFF00F0 0000F4 (v04 VBOX   VBOXFACP 00000001 ASL  00000061)
[    0.000000] ACPI: DSDT 0x000000003FFF0610 002353 (v02 VBOX   VBOXBIOS 00000002 INTL 20100528)
[    0.000000] ACPI: FACS 0x000000003FFF0200 000040
[    0.000000] ACPI: FACS 0x000000003FFF0200 000040
[    0.000000] ACPI: APIC 0x000000003FFF0240 00005C (v02 VBOX   VBOXAPIC 00000001 ASL  00000061)
[    0.000000] ACPI: SSDT 0x000000003FFF02A0 00036C (v01 VBOX   VBOXCPUT 00000002 INTL 20100528)
[    0.000000] No NUMA configuration found
[    0.000000] Faking a node at [mem 0x0000000000000000-0x000000003ffeffff]
[    0.000000] NODE_DATA(0) allocated [mem 0x3ffeb000-0x3ffeffff]
[    0.000000] kvm-clock: Using msrs 4b564d01 and 4b564d00
[    0.000000] kvm-clock: cpu 0, msr 0:3ffe3001, primary cpu clock
[    0.000000] kvm-clock: using sched offset of 3541145565 cycles
[    0.000000] clocksource: kvm-clock: mask: 0xffffffffffffffff max_cycles: 0x1cd42e4dffb, max_idle_ns: 881590591483 ns
[    0.000000] Zone ranges:
[    0.000000]   DMA      [mem 0x0000000000001000-0x0000000000ffffff]
[    0.000000]   DMA32    [mem 0x0000000001000000-0x000000003ffeffff]
[    0.000000]   Normal   empty
[    0.000000]   Device   empty
[    0.000000] Movable zone start for each node
[    0.000000] Early memory node ranges
[    0.000000]   node   0: [mem 0x0000000000001000-0x000000000009efff]
[    0.000000]   node   0: [mem 0x0000000000100000-0x000000003ffeffff]
[    0.000000] Initmem setup node 0 [mem 0x0000000000001000-0x000000003ffeffff]
[    0.000000] ACPI: PM-Timer IO Port: 0x4008
[    0.000000] IOAPIC[0]: apic_id 2, version 32, address 0xfec00000, GSI 0-23
[    0.000000] ACPI: INT_SRC_OVR (bus 0 bus_irq 0 global_irq 2 dfl dfl)
[    0.000000] ACPI: INT_SRC_OVR (bus 0 bus_irq 9 global_irq 9 low level)
[    0.000000] Using ACPI (MADT) for SMP configuration information
[    0.000000] smpboot: Allowing 2 CPUs, 0 hotplug CPUs
[    0.000000] PM: Registered nosave memory: [mem 0x00000000-0x00000fff]
[    0.000000] PM: Registered nosave memory: [mem 0x0009f000-0x0009ffff]
[    0.000000] PM: Registered nosave memory: [mem 0x000a0000-0x000effff]
[    0.000000] PM: Registered nosave memory: [mem 0x000f0000-0x000fffff]
[    0.000000] e820: [mem 0x40000000-0xfebfffff] available for PCI devices
[    0.000000] Booting paravirtualized kernel on KVM
[    0.000000] clocksource: refined-jiffies: mask: 0xffffffff max_cycles: 0xffffffff, max_idle_ns: 7645519600211568 ns
[    0.000000] setup_percpu: NR_CPUS:512 nr_cpumask_bits:512 nr_cpu_ids:2 nr_node_ids:1
[    0.000000] PERCPU: Embedded 33 pages/cpu @ffff88003fc00000 s95192 r8192 d31784 u1048576
[    0.000000] Built 1 zonelists in Node order, mobility grouping on.  Total pages: 257912
[    0.000000] Policy zone: DMA32
[    0.000000] Kernel command line: BOOT_IMAGE=/boot/vmlinuz-4.4.0-210-generic root=LABEL=cloudimg-rootfs ro console=tty1 console=ttyS0
[    0.000000] PID hash table entries: 4096 (order: 3, 32768 bytes)
[    0.000000] Memory: 997792K/1048120K available (8644K kernel code, 1332K rwdata, 4044K rodata, 1492K init, 1164K bss, 50328K reserved, 0K cma-reserved)
[    0.000000] SLUB: HWalign=64, Order=0-3, MinObjects=0, CPUs=2, Nodes=1
[    0.000000] Hierarchical RCU implementation.
[    0.000000] 	Build-time adjustment of leaf fanout to 64.
[    0.000000] 	RCU restricting CPUs from NR_CPUS=512 to nr_cpu_ids=2.
[    0.000000] RCU: Adjusting geometry for rcu_fanout_leaf=64, nr_cpu_ids=2
[    0.000000] NR_IRQS:33024 nr_irqs:440 16
[    0.000000] Console: colour VGA+ 80x25
[    0.000000] console [tty1] enabled
[    0.000000] console [ttyS0] enabled
[    0.000000] tsc: Detected 2894.452 MHz processor
[    0.494114] Calibrating delay loop (skipped) preset value.. 5788.90 BogoMIPS (lpj=11577808)
[    0.501246] pid_max: default: 32768 minimum: 301
[    0.504985] ACPI: Core revision 20150930
[    0.509179] ACPI: 2 ACPI AML tables successfully acquired and loaded
[    0.514958] Security Framework initialized
[    0.519117] Yama: becoming mindful.
[    0.522642] AppArmor: AppArmor initialized
[    0.526602] Dentry cache hash table entries: 131072 (order: 8, 1048576 bytes)
[    0.538519] Inode-cache hash table entries: 65536 (order: 7, 524288 bytes)
[    0.548829] Mount-cache hash table entries: 2048 (order: 2, 16384 bytes)
[    0.554816] Mountpoint-cache hash table entries: 2048 (order: 2, 16384 bytes)
[    0.564754] Initializing cgroup subsys io
[    0.568579] Initializing cgroup subsys memory
[    0.572394] Initializing cgroup subsys devices
[    0.576200] Initializing cgroup subsys freezer
[    0.580084] Initializing cgroup subsys net_cls
[    0.584069] Initializing cgroup subsys perf_event
[    0.588264] Initializing cgroup subsys net_prio
[    0.592617] Initializing cgroup subsys hugetlb
[    0.597042] Initializing cgroup subsys pids
[    0.610403] mce: CPU supports 0 MCE banks
[    0.614362] Last level iTLB entries: 4KB 1024, 2MB 1024, 4MB 512
[    0.619323] Last level dTLB entries: 4KB 2048, 2MB 2048, 4MB 1024, 1GB 0
[    0.625943] Spectre V1 : Mitigation: usercopy/swapgs barriers and __user pointer sanitization
[    0.634536] Spectre V2 : Spectre mitigation: LFENCE not serializing, switching to generic retpoline
[    0.646382] Spectre V2 : Mitigation: Full generic retpoline
[    0.652402] Spectre V2 : Spectre v2 / SpectreRSB mitigation: Filling RSB on context switch
[    0.691834] Freeing SMP alternatives memory: 36K
[    0.771705] ftrace: allocating 32380 entries in 127 pages
[    1.304133] smpboot: APIC(0) Converting physical 0 to logical package 0
[    1.312498] smpboot: Max logical packages: 1
[    1.328986] ..TIMER: vector=0x30 apic1=0 pin1=2 apic2=-1 pin2=-1
[    1.443303] smpboot: CPU0: AMD Ryzen 7 4800H with Radeon Graphics (family: 0x17, model: 0x60, stepping: 0x1)
[    1.453474] Performance Events: Broken PMU hardware detected, using software events only.
[    1.460432] Failed to access perfctr msr (MSR c0010007 is 0)
[    1.542497] KVM setup paravirtual spinlock
[    1.548395] x86: Booting SMP configuration:
[    1.552376] .... node  #0, CPUs:      #1
[    1.557104] kvm-clock: cpu 1, msr 0:3ffe3041, secondary cpu clock
[    1.569571] mce: CPU supports 0 MCE banks
[    1.573645] TSC synchronization [CPU#0 -> CPU#1]:
[    1.577580] Measured 70238 cycles TSC warp between CPUs, turning off TSC clock.
[    1.583227] tsc: Marking TSC unstable due to check_tsc_sync_source failed
[    0.525835] x86: Booted up 1 node, 2 CPUs
[    0.528004] smpboot: Total of 2 processors activated (11577.80 BogoMIPS)
[    0.536629] devtmpfs: initialized
[    0.541665] evm: security.selinux
[    0.544005] evm: security.SMACK64
[    0.548002] evm: security.SMACK64EXEC
[    0.552002] evm: security.SMACK64TRANSMUTE
[    0.555306] evm: security.SMACK64MMAP
[    0.556002] evm: security.ima
[    0.560004] evm: security.capability
[    0.562935] clocksource: jiffies: mask: 0xffffffff max_cycles: 0xffffffff, max_idle_ns: 7645041785100000 ns
[    0.564133] futex hash table entries: 512 (order: 3, 32768 bytes)
[    0.572161] pinctrl core: initialized pinctrl subsystem
[    0.576375] RTC time: 19:29:10, date: 03/15/23
[    0.581309] NET: Registered protocol family 16
[    0.596012] cpuidle: using governor ladder
[    0.608023] cpuidle: using governor menu
[    0.611445] PCCT header not found.
[    0.617518] ACPI: bus type PCI registered
[    0.620000] acpiphp: ACPI Hot Plug PCI Controller Driver version: 0.5
[    0.620447] PCI: Using configuration type 1 for base access
[    0.624002] PCI: Using configuration type 1 for extended access
[    0.648466] ACPI: Added _OSI(Module Device)
[    0.652005] ACPI: Added _OSI(Processor Device)
[    0.656002] ACPI: Added _OSI(3.0 _SCP Extensions)
[    0.660005] ACPI: Added _OSI(Processor Aggregator Device)
[    0.664919] ACPI: Executed 1 blocks of module-level executable AML code
[    0.673901] ACPI: Interpreter enabled
[    0.676010] ACPI: (supports S0 S5)
[    0.678760] ACPI: Using IOAPIC for interrupt routing
[    0.680321] PCI: Using host bridge windows from ACPI; if necessary, use "pci=nocrs" and report a bug
[    0.692000] ACPI: PCI Root Bridge [PCI0] (domain 0000 [bus 00-ff])
[    0.692010] acpi PNP0A03:00: _OSC: OS supports [ExtendedConfig ASPM ClockPM Segments MSI]
[    0.701047] acpi PNP0A03:00: _OSC: platform does not support [PCIeCapability]
[    0.704588] acpi PNP0A03:00: _OSC: not requesting control; platform does not support [PCIeCapability]
[    0.708006] acpi PNP0A03:00: _OSC: OS requested [PCIeHotplug PME AER PCIeCapability]
[    0.712005] acpi PNP0A03:00: _OSC: platform willing to grant [PCIeHotplug PME AER]
[    0.716006] acpi PNP0A03:00: _OSC failed (AE_SUPPORT); disabling ASPM
[    0.720688] PCI host bridge to bus 0000:00
[    0.724004] pci_bus 0000:00: root bus resource [io  0x0000-0x0cf7 window]
[    0.728005] pci_bus 0000:00: root bus resource [io  0x0d00-0xffff window]
[    0.732007] pci_bus 0000:00: root bus resource [mem 0x000a0000-0x000bffff window]
[    0.736006] pci_bus 0000:00: root bus resource [mem 0x40000000-0xfdffffff window]
[    0.740006] pci_bus 0000:00: root bus resource [bus 00-ff]
[    0.750371] pci 0000:00:01.1: legacy IDE quirk: reg 0x10: [io  0x01f0-0x01f7]
[    0.752003] pci 0000:00:01.1: legacy IDE quirk: reg 0x14: [io  0x03f6]
[    0.756014] pci 0000:00:01.1: legacy IDE quirk: reg 0x18: [io  0x0170-0x0177]
[    0.760004] pci 0000:00:01.1: legacy IDE quirk: reg 0x1c: [io  0x0376]
[    0.786629] pci 0000:00:07.0: quirk: [io  0x4000-0x403f] claimed by PIIX4 ACPI
[    0.788042] pci 0000:00:07.0: quirk: [io  0x4100-0x410f] claimed by PIIX4 SMB
[    0.805236] ACPI: PCI Interrupt Link [LNKA] (IRQs 5 9 10 *11)
[    0.810983] ACPI: PCI Interrupt Link [LNKB] (IRQs 5 9 *10 11)
[    0.814698] ACPI: PCI Interrupt Link [LNKC] (IRQs 5 *9 10 11)
[    0.821140] ACPI: PCI Interrupt Link [LNKD] (IRQs 5 9 10 *11)
[    0.826875] ACPI: Enabled 2 GPEs in block 00 to 07
[    0.828222] vgaarb: setting as boot device: PCI:0000:00:02.0
[    0.832000] vgaarb: device added: PCI:0000:00:02.0,decodes=io+mem,owns=io+mem,locks=none
[    0.832009] vgaarb: loaded
[    0.834303] vgaarb: bridge control possible 0000:00:02.0
[    0.840365] SCSI subsystem initialized
[    0.844156] ACPI: bus type USB registered
[    0.848019] usbcore: registered new interface driver usbfs
[    0.852044] usbcore: registered new interface driver hub
[    0.856017] usbcore: registered new device driver usb
[    0.860248] PCI: Using ACPI for IRQ routing
[    0.864870] NetLabel: Initializing
[    0.868003] NetLabel:  domain hash size = 128
[    0.872002] NetLabel:  protocols = UNLABELED CIPSOv4
[    0.876018] NetLabel:  unlabeled traffic allowed by default
[    0.880150] amd_nb: Cannot enumerate AMD northbridges
[    0.884230] clocksource: Switched to clocksource kvm-clock
[    0.892708] AppArmor: AppArmor Filesystem Enabled
[    0.892708] pnp: PnP ACPI init
[    0.892708] pnp: PnP ACPI: found 3 devices
[    0.962262] clocksource: acpi_pm: mask: 0xffffff max_cycles: 0xffffff, max_idle_ns: 2085701024 ns
[    0.964461] NET: Registered protocol family 2
[    0.973860] TCP established hash table entries: 8192 (order: 4, 65536 bytes)
[    0.979650] TCP bind hash table entries: 8192 (order: 5, 131072 bytes)
[    0.983370] TCP: Hash tables configured (established 8192 bind 8192)
[    0.983370] UDP hash table entries: 512 (order: 2, 16384 bytes)
[    0.983370] UDP-Lite hash table entries: 512 (order: 2, 16384 bytes)
[    0.983370] NET: Registered protocol family 1
[    0.983370] pci 0000:00:00.0: Limiting direct PCI/PCI transfers
[    0.983370] pci 0000:00:01.0: Activating ISA DMA hang workarounds
[    0.983370] Unpacking initramfs...
[    1.345943] Freeing initrd memory: 14888K
[    1.349494] clocksource: tsc: mask: 0xffffffffffffffff max_cycles: 0x29b8ca3f2b3, max_idle_ns: 440795349925 ns
[    1.357150] platform rtc_cmos: registered platform RTC device (no PNP device found)
[    1.363512] Scanning for low memory corruption every 60 seconds
[    1.369772] audit: initializing netlink subsys (disabled)
[    1.374292] audit: type=2000 audit(1678908554.973:1): initialized
[    1.379447] Initialise system trusted keyring
[    1.385785] HugeTLB registered 2 MB page size, pre-allocated 0 pages
[    1.395596] zbud: loaded
[    1.401680] VFS: Disk quotas dquot_6.6.0
[    1.404903] VFS: Dquot-cache hash table entries: 512 (order 0, 4096 bytes)
[    1.410438] squashfs: version 4.0 (2009/01/31) Phillip Lougher
[    1.415835] fuse init (API version 7.23)
[    1.419820] Key type big_key registered
[    1.423184] Allocating IMA MOK and blacklist keyrings.
[    1.437678] Key type asymmetric registered
[    1.441088] Asymmetric key parser 'x509' registered
[    1.444917] Block layer SCSI generic (bsg) driver version 0.4 loaded (major 249)
[    1.451225] io scheduler noop registered
[    1.454612] io scheduler deadline registered (default)
[    1.458813] io scheduler cfq registered
[    1.462198] pci_hotplug: PCI Hot Plug PCI Core version: 0.5
[    1.466714] pciehp: PCI Express Hot Plug Controller Driver version: 0.4
[    1.472075] ACPI: AC Adapter [AC] (on-line)
[    1.475688] input: Power Button as /devices/LNXSYSTM:00/LNXPWRBN:00/input/input0
[    1.481711] ACPI: Power Button [PWRF]
[    1.485072] input: Sleep Button as /devices/LNXSYSTM:00/LNXSLPBN:00/input/input1
[    1.490781] ACPI: Sleep Button [SLPF]
[    1.494668] GHES: HEST is not enabled!
[    1.496566] ACPI: Battery Slot [BAT0] (battery present)
[    1.502477] Serial: 8250/16550 driver, 32 ports, IRQ sharing enabled
[    1.533212] 00:02: ttyS0 at I/O 0x3f8 (irq = 4, base_baud = 115200) is a 16550A
[    1.555090] Linux agpgart interface v0.103
[    1.569229] loop: module loaded
[    1.574265] scsi host0: ata_piix
[    1.580739] scsi host1: ata_piix
[    1.584423] ata1: PATA max UDMA/33 cmd 0x1f0 ctl 0x3f6 bmdma 0xd000 irq 14
[    1.590395] ata2: PATA max UDMA/33 cmd 0x170 ctl 0x376 bmdma 0xd008 irq 15
[    1.596314] libphy: Fixed MDIO Bus: probed
[    1.600173] tun: Universal TUN/TAP device driver, 1.6
[    1.604502] tun: (C) 1999-2004 Max Krasnyansky <maxk@qualcomm.com>
[    1.610625] PPP generic driver version 2.4.2
[    1.614904] ehci_hcd: USB 2.0 'Enhanced' Host Controller (EHCI) Driver
[    1.620497] ehci-pci: EHCI PCI platform driver
[    1.624534] ehci-platform: EHCI generic platform driver
[    1.629407] ohci_hcd: USB 1.1 'Open' Host Controller (OHCI) Driver
[    1.634498] ohci-pci: OHCI PCI platform driver
[    1.638763] ohci-platform: OHCI generic platform driver
[    1.643466] uhci_hcd: USB Universal Host Controller Interface driver
[    1.649036] i8042: PNP: PS/2 Controller [PNP0303:PS2K,PNP0f03:PS2M] at 0x60,0x64 irq 1,12
[    1.659701] serio: i8042 KBD port at 0x60,0x64 irq 1
[    1.664245] serio: i8042 AUX port at 0x60,0x64 irq 12
[    1.669810] mousedev: PS/2 mouse device common for all mice
[    1.677081] input: AT Translated Set 2 keyboard as /devices/platform/i8042/serio0/input/input2
[    1.678187] rtc_cmos rtc_cmos: rtc core: registered rtc_cmos as rtc0
[    1.678670] rtc_cmos rtc_cmos: alarms up to one day, 114 bytes nvram
[    1.678682] i2c /dev entries driver
[    1.678777] device-mapper: uevent: version 1.0.3
[    1.678880] device-mapper: ioctl: 4.34.0-ioctl (2015-10-28) initialised: dm-devel@redhat.com
[    1.678896] ledtrig-cpu: registered to indicate activity on CPUs
[    1.679529] NET: Registered protocol family 10
[    1.679911] NET: Registered protocol family 17
[    1.679920] Key type dns_resolver registered
[    1.680340] registered taskstats version 1
[    1.680348] Loading compiled-in X.509 certificates
[    1.680729] Loaded X.509 cert 'Build time autogenerated kernel key: cf00e047681d67edb2720680708b7d9498083038'
[    1.680778] zswap: loaded using pool lzo/zbud
[    1.682230] Key type trusted registered
[    1.684658] Key type encrypted registered
[    1.684665] AppArmor: AppArmor sha1 policy hashing enabled
[    1.684667] ima: No TPM chip found, activating TPM-bypass!
[    1.684681] ima: Allocated hash algorithm: sha1
[    1.684738] evm: HMAC attrs: 0x1
[    1.685457]   Magic number: 15:51:496
[    1.689760] rtc_cmos rtc_cmos: setting system clock to 2023-03-15 19:29:11 UTC (1678908551)
[    1.689832] BIOS EDD facility v0.16 2004-Jun-25, 0 devices found
[    1.689832] EDD information not available.
[    1.807147] Freeing unused kernel memory: 1492K
[    1.820551] Write protecting the kernel read-only data: 14336k
[    1.826725] Freeing unused kernel memory: 1584K
[    1.830940] Freeing unused kernel memory: 52K
Loading, please wait...
starting version 229
[    1.856692] random: udevadm: uninitialized urandom read (16 bytes read, 9 bits of entropy available)
[    1.856731] random: systemd-udevd: uninitialized urandom read (16 bytes read, 9 bits of entropy available)
[    1.856783] random: systemd-udevd: uninitialized urandom read (16 bytes read, 9 bits of entropy available)
[    1.856800] random: systemd-udevd: uninitialized urandom read (16 bytes read, 9 bits of entropy available)
[    1.856811] random: systemd-udevd: uninitialized urandom read (16 bytes read, 9 bits of entropy available)
[    1.893719] random: udevadm: uninitialized urandom read (16 bytes read, 9 bits of entropy available)
[    1.908742] random: systemd-udevd: uninitialized urandom read (16 bytes read, 9 bits of entropy available)
[    1.910975] random: udevadm: uninitialized urandom read (16 bytes read, 9 bits of entropy available)
[    1.911021] random: udevadm: uninitialized urandom read (16 bytes read, 9 bits of entropy available)
[    1.911171] random: udevadm: uninitialized urandom read (16 bytes read, 9 bits of entropy available)
[    1.971165] e1000: Intel(R) PRO/1000 Network Driver - version 7.3.21-k8-NAPI
[    1.976691] e1000: Copyright (c) 1999-2006 Intel Corporation.
[    1.986184] Fusion MPT base driver 3.04.20
[    1.990131] Copyright (c) 1999-2008 LSI Corporation
[    2.026034] Fusion MPT SPI Host driver 3.04.20
[    2.046325] SSE version of gcm_enc/dec engaged.
[    2.231541] input: ImExPS/2 Generic Explorer Mouse as /devices/platform/i8042/serio1/input/input4
[    2.609788] e1000 0000:00:03.0 eth0: (PCI:33MHz:32-bit) 02:be:82:6b:cc:1d
[    2.615378] e1000 0000:00:03.0 eth0: Intel(R) PRO/1000 Network Connection
[    3.174022] e1000 0000:00:08.0 eth1: (PCI:33MHz:32-bit) 08:00:27:30:fa:42
[    3.179604] e1000 0000:00:08.0 eth1: Intel(R) PRO/1000 Network Connection
[    3.186722] mptbase: ioc0: Initiating bringup
[    3.192432] e1000 0000:00:08.0 enp0s8: renamed from eth1
[    3.209661] e1000 0000:00:03.0 enp0s3: renamed from eth0
[    3.271835] ioc0: LSI53C1030 A0: Capabilities={Initiator}
[    3.448879] scsi host2: ioc0: LSI53C1030 A0, FwRev=00000000h, Ports=1, MaxQ=256, IRQ=20
[    3.570048] scsi 2:0:0:0: Direct-Access     VBOX     HARDDISK         1.0  PQ: 0 ANSI: 5
[    3.577027] scsi target2:0:0: Beginning Domain Validation
[    3.586716] scsi target2:0:0: Domain Validation skipping write tests
[    3.591952] scsi target2:0:0: Ending Domain Validation
[    3.596724] scsi target2:0:0: asynchronous
[    3.618644] scsi 2:0:1:0: Direct-Access     VBOX     HARDDISK         1.0  PQ: 0 ANSI: 5
[    3.625809] scsi target2:0:1: Beginning Domain Validation
[    3.636352] scsi target2:0:1: Domain Validation skipping write tests
[    3.641654] scsi target2:0:1: Ending Domain Validation
[    3.647008] scsi target2:0:1: asynchronous
[    3.675612] sd 2:0:0:0: Attached scsi generic sg0 type 0
[    3.680780] sd 2:0:1:0: Attached scsi generic sg1 type 0
[    3.685786] sd 2:0:0:0: [sda] 83886080 512-byte logical blocks: (42.9 GB/40.0 GiB)
[    3.685963] sd 2:0:1:0: [sdb] 20480 512-byte logical blocks: (10.5 MB/10.0 MiB)
[    3.686618] sd 2:0:1:0: [sdb] Write Protect is off
[    3.687042] sd 2:0:1:0: [sdb] Incomplete mode parameter data
[    3.687043] sd 2:0:1:0: [sdb] Assuming drive cache: write through
[    3.692693] sd 2:0:1:0: [sdb] Attached SCSI disk
[    3.717054] sd 2:0:0:0: [sda] Write Protect is off
[    3.721693] sd 2:0:0:0: [sda] Incomplete mode parameter data
[    3.726267] sd 2:0:0:0: [sda] Assuming drive cache: write through
[    3.736855]  sda: sda1
[    3.742003] sd 2:0:0:0: [sda] Attached SCSI disk
Begin: Loading essential drivers ... [    5.188664] md: linear personality registered for level -1
[    5.196940] md: multipath personality registered for level -4
[    5.205025] md: raid0 personality registered for level 0
[    5.222153] md: raid1 personality registered for level 1
